debug-navigation.js:1  Failed to load resource: the server responded with a status of 404 (Not Found)
test-navigation-blocking.js:1  Failed to load resource: the server responded with a status of 404 (Not Found)
show-nav-grid.js:1  Failed to load resource: the server responded with a status of 404 (Not Found)
TreeInstanceManager.js:45 [TreeInstanceManager] Initialized (disabled by default)
TreeInstanceManager.js:53 [TreeInstanceManager] Pre-initializing all InstancedMeshes...
TreeInstanceManager.js:59 [TreeInstanceManager] Pre-initialization complete
MessageRouter.js:344 [LOG DEBUG] createObjectInScene calling createInstance: Object
objects.js:450 [LOG DEBUG] createInstance: Object
MessageRouter.js:394 [LOG DEBUG] Added to scene: Object
MessageRouter.js:344 [LOG DEBUG] createObjectInScene calling createInstance: Object
objects.js:450 [LOG DEBUG] createInstance: Object
MessageRouter.js:394 [LOG DEBUG] Added to scene: Object
objects.js:450 [LOG DEBUG] createInstance: Object
game.js:1644 [Game] All navigation maps complete! Notifying PathfindingTestAI...
PathfindingTestAI.js:338 [PathfindingTestAI] Received nav maps ready event!
PathfindingTestAI.js:342 [PathfindingTestAI] Finding walkable spawn position...
PathfindingTestAI.js:125 [PathfindingTestAI] Searching for walkable position near (4.1, 14.7)
PathfindingTestAI.js:136 [PathfindingTestAI] Found 1/9 chunks loaded in 3x3 grid
PathfindingTestAI.js:140 [PathfindingTestAI] Chunk grid status: ✗ ✗ ✗ ✗ ✓ ✗ ✗ ✗ ✗ (index 4 is center)
PathfindingTestAI.js:151 [PathfindingTestAI] Initial cell: (58, 79)
PathfindingTestAI.js:156 [PathfindingTestAI] Initial spawn position is walkable!
PathfindingTestAI.js:352 [PathfindingTestAI] Starting pathfinding from walkable position...
PathfindingTestAI.js:260 [PathfindingTestAI] Found walkable target on attempt 7
PathfindingTestAI.js:274 [PathfindingTestAI] Current: (4.1, 14.7)
PathfindingTestAI.js:275 [PathfindingTestAI] Target: (-3.7, 0.5)
PathfindingTestAI.js:278 [PathfindingTestAI] Calculating path...
AStar.js:228 [AStar] Path found with 30 waypoints
PathfindingTestAI.js:282 [PathfindingTestAI] Path found: 30 waypoints
PathfindingTestAI.js:326 [PathfindingTestAI] Debug path drawn (yellow line)
PathfindingTestAI.js:356 [PathfindingTestAI] Pathfinding initialized successfully!
game.js:1354 [ObjectRegistry] Populated with 1548 objects from chunkObjects
game.js:1354 [ObjectRegistry] Populated with 3236 objects from chunkObjects
game.js:1354 [ObjectRegistry] Populated with 4459 objects from chunkObjects
game.js:1354 [ObjectRegistry] Populated with 5965 objects from chunkObjects
PlayerController.js:148 🎯 Player arrived at: X=2.60, Y=1.49, Z=14.31
game.js:1354 [ObjectRegistry] Populated with 5965 objects from chunkObjects
game.js:1096 [completeActiveAction] Sending remove_object_request for: 0,0_fir_469 chunkKey: 0,0
ChunkManager.js:241 [ChunkManager] removeObject called for 0,0_fir_469, found: true chunkKey: 0,0
ChunkManager.js:242 [ChunkManager] object position: Vector3 objectId breakdown: 0,0_fir_469
ChunkManager.js:245 [ChunkManager] Adding 0,0_fir_469 to removedObjectsCache for chunkKey: 0,0
ChunkManager.js:316 [Nav] Removed cylindrical obstacle fir at (2.0, 14.5)
MessageRouter.js:617 [LOG DEBUG] handleObjectAdded received: Object
MessageRouter.js:344 [LOG DEBUG] createObjectInScene calling createInstance: Object
objects.js:450 [LOG DEBUG] createInstance: Object
MessageRouter.js:394 [LOG DEBUG] Added to scene: Object
game.js:1354 [ObjectRegistry] Populated with 5965 objects from chunkObjects
game.js:1354 [ObjectRegistry] Populated with 5965 objects from chunkObjects
game.js:1354 [ObjectRegistry] Populated with 5965 objects from chunkObjects
game.js:1354 [ObjectRegistry] Populated with 5965 objects from chunkObjects
game.js:1354 [ObjectRegistry] Populated with 5965 objects from chunkObjects
game.js:1354 [ObjectRegistry] Populated with 5965 objects from chunkObjects
game.js:1354 [ObjectRegistry] Populated with 5965 objects from chunkObjects
game.js:1354 [ObjectRegistry] Populated with 5965 objects from chunkObjects
game.js:1354 [ObjectRegistry] Populated with 5965 objects from chunkObjects
game.js:1354 [ObjectRegistry] Populated with 5965 objects from chunkObjects
game.js:1354 [ObjectRegistry] Populated with 5965 objects from chunkObjects
game.js:1354 [ObjectRegistry] Populated with 5965 objects from chunkObjects
