client.html:1329  GET http://127.0.0.1:8000/public/debug-navigation.js net::ERR_ABORTED 404 (Not Found)
client.html:1331  GET http://127.0.0.1:8000/public/test-navigation-blocking.js net::ERR_ABORTED 404 (Not Found)
client.html:1332  GET http://127.0.0.1:8000/public/show-nav-grid.js net::ERR_ABORTED 404 (Not Found)
TreeInstanceManager.js:45 [TreeInstanceManager] Initialized (disabled by default)
TreeInstanceManager.js:53 [TreeInstanceManager] Pre-initializing all InstancedMeshes...
TreeInstanceManager.js:59 [TreeInstanceManager] Pre-initialization complete
MessageRouter.js:344 [LOG DEBUG] createObjectInScene calling createInstance: {objectType: 'fir_log', objectPosition: Vector3, scale: {…}}
objects.js:450 [LOG DEBUG] createInstance: {modelType: 'fir_log', modelLoaded: true, position: Vector3, scale: {…}}
objects.js:512 [LOG DEBUG] About to return, modelType: fir_log
objects.js:518 [LOG DEBUG] Returning instance: {type: 'Group', visible: true, hasChildren: true, childCount: 1, meshCount: 1, …}
MessageRouter.js:394 [LOG DEBUG] Added to scene: {objectId: 'fir_log_1763474863419_cjota0ldt', type: 'Group', hasChildren: true, childCount: 1, visible: true, …}
MessageRouter.js:344 [LOG DEBUG] createObjectInScene calling createInstance: {objectType: 'fir_log', objectPosition: Vector3, scale: {…}}
objects.js:450 [LOG DEBUG] createInstance: {modelType: 'fir_log', modelLoaded: true, position: Vector3, scale: {…}}
objects.js:512 [LOG DEBUG] About to return, modelType: fir_log
objects.js:518 [LOG DEBUG] Returning instance: {type: 'Group', visible: true, hasChildren: true, childCount: 1, meshCount: 1, …}
MessageRouter.js:394 [LOG DEBUG] Added to scene: {objectId: 'fir_log_1763475169821_tzvidyf7f', type: 'Group', hasChildren: true, childCount: 1, visible: true, …}
MessageRouter.js:344 [LOG DEBUG] createObjectInScene calling createInstance: {objectType: 'fir_log', objectPosition: Vector3, scale: {…}}
objects.js:450 [LOG DEBUG] createInstance: {modelType: 'fir_log', modelLoaded: true, position: Vector3, scale: {…}}
objects.js:512 [LOG DEBUG] About to return, modelType: fir_log
objects.js:518 [LOG DEBUG] Returning instance: {type: 'Group', visible: true, hasChildren: true, childCount: 1, meshCount: 1, …}
MessageRouter.js:394 [LOG DEBUG] Added to scene: {objectId: 'fir_log_1763475495214_9jeduyhhx', type: 'Group', hasChildren: true, childCount: 1, visible: true, …}
AvatarManager.js:118 [PHYSICS] Created character controller for peer client_wxbklx6nhs at (0.00, 0.00, 0.00)
objects.js:450 [LOG DEBUG] createInstance: {modelType: 'oak_log', modelLoaded: true, position: Vector3, scale: 1}
objects.js:512 [LOG DEBUG] About to return, modelType: oak_log
objects.js:518 [LOG DEBUG] Returning instance: {type: 'Group', visible: true, hasChildren: true, childCount: 1, meshCount: 1, …}
objects.js:512 [LOG DEBUG] About to return, modelType: limestone
objects.js:512 [LOG DEBUG] About to return, modelType: limestone
objects.js:512 [LOG DEBUG] About to return, modelType: limestone
objects.js:512 [LOG DEBUG] About to return, modelType: limestone
objects.js:512 [LOG DEBUG] About to return, modelType: limestone
objects.js:512 [LOG DEBUG] About to return, modelType: limestone
objects.js:512 [LOG DEBUG] About to return, modelType: limestone
objects.js:512 [LOG DEBUG] About to return, modelType: limestone
objects.js:512 [LOG DEBUG] About to return, modelType: limestone
objects.js:512 [LOG DEBUG] About to return, modelType: limestone
objects.js:512 [LOG DEBUG] About to return, modelType: limestone
objects.js:512 [LOG DEBUG] About to return, modelType: limestone
objects.js:512 [LOG DEBUG] About to return, modelType: limestone
objects.js:512 [LOG DEBUG] About to return, modelType: limestone
objects.js:512 [LOG DEBUG] About to return, modelType: limestone
objects.js:512 [LOG DEBUG] About to return, modelType: limestone
objects.js:512 [LOG DEBUG] About to return, modelType: limestone
objects.js:512 [LOG DEBUG] About to return, modelType: limestone
objects.js:512 [LOG DEBUG] About to return, modelType: limestone
objects.js:512 [LOG DEBUG] About to return, modelType: limestone
objects.js:512 [LOG DEBUG] About to return, modelType: clay
objects.js:512 [LOG DEBUG] About to return, modelType: clay
objects.js:512 [LOG DEBUG] About to return, modelType: clay
objects.js:512 [LOG DEBUG] About to return, modelType: clay
objects.js:512 [LOG DEBUG] About to return, modelType: clay
objects.js:512 [LOG DEBUG] About to return, modelType: clay
objects.js:512 [LOG DEBUG] About to return, modelType: clay
objects.js:512 [LOG DEBUG] About to return, modelType: clay
objects.js:512 [LOG DEBUG] About to return, modelType: clay
objects.js:512 [LOG DEBUG] About to return, modelType: clay
objects.js:512 [LOG DEBUG] About to return, modelType: clay
objects.js:512 [LOG DEBUG] About to return, modelType: clay
objects.js:512 [LOG DEBUG] About to return, modelType: clay
objects.js:512 [LOG DEBUG] About to return, modelType: clay
objects.js:512 [LOG DEBUG] About to return, modelType: clay
objects.js:512 [LOG DEBUG] About to return, modelType: clay
objects.js:512 [LOG DEBUG] About to return, modelType: clay
objects.js:512 [LOG DEBUG] About to return, modelType: clay
objects.js:512 [LOG DEBUG] About to return, modelType: clay
game.js:1644 [Game] All navigation maps complete! Notifying PathfindingTestAI...
PathfindingTestAI.js:338 [PathfindingTestAI] Received nav maps ready event!
PathfindingTestAI.js:342 [PathfindingTestAI] Finding walkable spawn position...
PathfindingTestAI.js:125 [PathfindingTestAI] Searching for walkable position near (4.1, 14.7)
PathfindingTestAI.js:136 [PathfindingTestAI] Found 1/9 chunks loaded in 3x3 grid
PathfindingTestAI.js:140 [PathfindingTestAI] Chunk grid status: ✗ ✗ ✗ ✗ ✓ ✗ ✗ ✗ ✗ (index 4 is center)
PathfindingTestAI.js:151 [PathfindingTestAI] Initial cell: (58, 79)
PathfindingTestAI.js:156 [PathfindingTestAI] Initial spawn position is walkable!
PathfindingTestAI.js:352 [PathfindingTestAI] Starting pathfinding from walkable position...
PathfindingTestAI.js:260 [PathfindingTestAI] Found walkable target on attempt 1
PathfindingTestAI.js:274 [PathfindingTestAI] Current: (4.1, 14.7)
PathfindingTestAI.js:275 [PathfindingTestAI] Target: (16.4, 1.4)
PathfindingTestAI.js:278 [PathfindingTestAI] Calculating path...
AStar.js:228 [AStar] Path found with 30 waypoints
PathfindingTestAI.js:282 [PathfindingTestAI] Path found: 30 waypoints
PathfindingTestAI.js:326 [PathfindingTestAI] Debug path drawn (yellow line)
PathfindingTestAI.js:356 [PathfindingTestAI] Pathfinding initialized successfully!
objects.js:512 [LOG DEBUG] About to return, modelType: limestone
objects.js:512 [LOG DEBUG] About to return, modelType: limestone
objects.js:512 [LOG DEBUG] About to return, modelType: limestone
objects.js:512 [LOG DEBUG] About to return, modelType: limestone
objects.js:512 [LOG DEBUG] About to return, modelType: limestone
objects.js:512 [LOG DEBUG] About to return, modelType: limestone
objects.js:512 [LOG DEBUG] About to return, modelType: limestone
objects.js:512 [LOG DEBUG] About to return, modelType: limestone
objects.js:512 [LOG DEBUG] About to return, modelType: limestone
objects.js:512 [LOG DEBUG] About to return, modelType: limestone
objects.js:512 [LOG DEBUG] About to return, modelType: limestone
objects.js:512 [LOG DEBUG] About to return, modelType: limestone
objects.js:512 [LOG DEBUG] About to return, modelType: limestone
objects.js:512 [LOG DEBUG] About to return, modelType: limestone
objects.js:512 [LOG DEBUG] About to return, modelType: limestone
objects.js:512 [LOG DEBUG] About to return, modelType: limestone
objects.js:512 [LOG DEBUG] About to return, modelType: limestone
objects.js:512 [LOG DEBUG] About to return, modelType: limestone
objects.js:512 [LOG DEBUG] About to return, modelType: limestone
objects.js:512 [LOG DEBUG] About to return, modelType: limestone
objects.js:512 [LOG DEBUG] About to return, modelType: limestone
objects.js:512 [LOG DEBUG] About to return, modelType: limestone
objects.js:512 [LOG DEBUG] About to return, modelType: limestone
objects.js:512 [LOG DEBUG] About to return, modelType: limestone
objects.js:512 [LOG DEBUG] About to return, modelType: limestone
objects.js:512 [LOG DEBUG] About to return, modelType: limestone
objects.js:512 [LOG DEBUG] About to return, modelType: limestone
objects.js:512 [LOG DEBUG] About to return, modelType: clay
objects.js:512 [LOG DEBUG] About to return, modelType: clay
objects.js:512 [LOG DEBUG] About to return, modelType: clay
objects.js:512 [LOG DEBUG] About to return, modelType: clay
objects.js:512 [LOG DEBUG] About to return, modelType: clay
objects.js:512 [LOG DEBUG] About to return, modelType: clay
objects.js:512 [LOG DEBUG] About to return, modelType: clay
objects.js:512 [LOG DEBUG] About to return, modelType: clay
objects.js:512 [LOG DEBUG] About to return, modelType: clay
objects.js:512 [LOG DEBUG] About to return, modelType: clay
objects.js:512 [LOG DEBUG] About to return, modelType: clay
objects.js:512 [LOG DEBUG] About to return, modelType: clay
objects.js:512 [LOG DEBUG] About to return, modelType: clay
objects.js:512 [LOG DEBUG] About to return, modelType: clay
objects.js:512 [LOG DEBUG] About to return, modelType: clay
objects.js:512 [LOG DEBUG] About to return, modelType: clay
objects.js:512 [LOG DEBUG] About to return, modelType: clay
objects.js:512 [LOG DEBUG] About to return, modelType: clay
objects.js:512 [LOG DEBUG] About to return, modelType: clay
objects.js:512 [LOG DEBUG] About to return, modelType: clay
objects.js:512 [LOG DEBUG] About to return, modelType: clay
objects.js:512 [LOG DEBUG] About to return, modelType: clay
objects.js:512 [LOG DEBUG] About to return, modelType: clay
objects.js:512 [LOG DEBUG] About to return, modelType: clay
objects.js:512 [LOG DEBUG] About to return, modelType: clay
objects.js:512 [LOG DEBUG] About to return, modelType: clay
objects.js:512 [LOG DEBUG] About to return, modelType: clay
objects.js:512 [LOG DEBUG] About to return, modelType: clay
objects.js:512 [LOG DEBUG] About to return, modelType: clay
objects.js:512 [LOG DEBUG] About to return, modelType: limestone
objects.js:512 [LOG DEBUG] About to return, modelType: limestone
objects.js:512 [LOG DEBUG] About to return, modelType: limestone
objects.js:512 [LOG DEBUG] About to return, modelType: limestone
objects.js:512 [LOG DEBUG] About to return, modelType: limestone
objects.js:512 [LOG DEBUG] About to return, modelType: limestone
objects.js:512 [LOG DEBUG] About to return, modelType: limestone
objects.js:512 [LOG DEBUG] About to return, modelType: limestone
objects.js:512 [LOG DEBUG] About to return, modelType: limestone
objects.js:512 [LOG DEBUG] About to return, modelType: limestone
objects.js:512 [LOG DEBUG] About to return, modelType: limestone
objects.js:512 [LOG DEBUG] About to return, modelType: limestone
objects.js:512 [LOG DEBUG] About to return, modelType: limestone
objects.js:512 [LOG DEBUG] About to return, modelType: limestone
objects.js:512 [LOG DEBUG] About to return, modelType: limestone
objects.js:512 [LOG DEBUG] About to return, modelType: limestone
objects.js:512 [LOG DEBUG] About to return, modelType: limestone
objects.js:512 [LOG DEBUG] About to return, modelType: limestone
objects.js:512 [LOG DEBUG] About to return, modelType: limestone
objects.js:512 [LOG DEBUG] About to return, modelType: limestone
objects.js:512 [LOG DEBUG] About to return, modelType: limestone
objects.js:512 [LOG DEBUG] About to return, modelType: sandstone
objects.js:512 [LOG DEBUG] About to return, modelType: sandstone
objects.js:512 [LOG DEBUG] About to return, modelType: sandstone
objects.js:512 [LOG DEBUG] About to return, modelType: sandstone
objects.js:512 [LOG DEBUG] About to return, modelType: sandstone
objects.js:512 [LOG DEBUG] About to return, modelType: sandstone
objects.js:512 [LOG DEBUG] About to return, modelType: sandstone
objects.js:512 [LOG DEBUG] About to return, modelType: sandstone
objects.js:512 [LOG DEBUG] About to return, modelType: sandstone
objects.js:512 [LOG DEBUG] About to return, modelType: sandstone
objects.js:512 [LOG DEBUG] About to return, modelType: sandstone
objects.js:512 [LOG DEBUG] About to return, modelType: sandstone
objects.js:512 [LOG DEBUG] About to return, modelType: sandstone
objects.js:512 [LOG DEBUG] About to return, modelType: sandstone
objects.js:512 [LOG DEBUG] About to return, modelType: sandstone
objects.js:512 [LOG DEBUG] About to return, modelType: sandstone
objects.js:512 [LOG DEBUG] About to return, modelType: sandstone
objects.js:512 [LOG DEBUG] About to return, modelType: sandstone
objects.js:512 [LOG DEBUG] About to return, modelType: sandstone
objects.js:512 [LOG DEBUG] About to return, modelType: sandstone
objects.js:512 [LOG DEBUG] About to return, modelType: sandstone
objects.js:512 [LOG DEBUG] About to return, modelType: sandstone
objects.js:512 [LOG DEBUG] About to return, modelType: sandstone
objects.js:512 [LOG DEBUG] About to return, modelType: sandstone
objects.js:512 [LOG DEBUG] About to return, modelType: sandstone
objects.js:512 [LOG DEBUG] About to return, modelType: sandstone
objects.js:512 [LOG DEBUG] About to return, modelType: sandstone
objects.js:512 [LOG DEBUG] About to return, modelType: sandstone
objects.js:512 [LOG DEBUG] About to return, modelType: clay
objects.js:512 [LOG DEBUG] About to return, modelType: clay
objects.js:512 [LOG DEBUG] About to return, modelType: clay
objects.js:512 [LOG DEBUG] About to return, modelType: clay
objects.js:512 [LOG DEBUG] About to return, modelType: clay
objects.js:512 [LOG DEBUG] About to return, modelType: clay
objects.js:512 [LOG DEBUG] About to return, modelType: clay
objects.js:512 [LOG DEBUG] About to return, modelType: clay
objects.js:512 [LOG DEBUG] About to return, modelType: clay
objects.js:512 [LOG DEBUG] About to return, modelType: clay
objects.js:512 [LOG DEBUG] About to return, modelType: clay
objects.js:512 [LOG DEBUG] About to return, modelType: clay
objects.js:512 [LOG DEBUG] About to return, modelType: clay
objects.js:512 [LOG DEBUG] About to return, modelType: clay
objects.js:512 [LOG DEBUG] About to return, modelType: clay
objects.js:512 [LOG DEBUG] About to return, modelType: clay
objects.js:512 [LOG DEBUG] About to return, modelType: clay
objects.js:512 [LOG DEBUG] About to return, modelType: limestone
objects.js:512 [LOG DEBUG] About to return, modelType: limestone
objects.js:512 [LOG DEBUG] About to return, modelType: limestone
objects.js:512 [LOG DEBUG] About to return, modelType: limestone
objects.js:512 [LOG DEBUG] About to return, modelType: limestone
objects.js:512 [LOG DEBUG] About to return, modelType: limestone
objects.js:512 [LOG DEBUG] About to return, modelType: limestone
objects.js:512 [LOG DEBUG] About to return, modelType: limestone
objects.js:512 [LOG DEBUG] About to return, modelType: limestone
objects.js:512 [LOG DEBUG] About to return, modelType: limestone
objects.js:512 [LOG DEBUG] About to return, modelType: limestone
objects.js:512 [LOG DEBUG] About to return, modelType: limestone
objects.js:512 [LOG DEBUG] About to return, modelType: limestone
objects.js:512 [LOG DEBUG] About to return, modelType: limestone
objects.js:512 [LOG DEBUG] About to return, modelType: limestone
objects.js:512 [LOG DEBUG] About to return, modelType: limestone
objects.js:512 [LOG DEBUG] About to return, modelType: limestone
objects.js:512 [LOG DEBUG] About to return, modelType: clay
objects.js:512 [LOG DEBUG] About to return, modelType: clay
objects.js:512 [LOG DEBUG] About to return, modelType: clay
objects.js:512 [LOG DEBUG] About to return, modelType: clay
objects.js:512 [LOG DEBUG] About to return, modelType: clay
objects.js:512 [LOG DEBUG] About to return, modelType: clay
objects.js:512 [LOG DEBUG] About to return, modelType: clay
objects.js:512 [LOG DEBUG] About to return, modelType: clay
objects.js:512 [LOG DEBUG] About to return, modelType: clay
objects.js:512 [LOG DEBUG] About to return, modelType: clay
objects.js:512 [LOG DEBUG] About to return, modelType: clay
objects.js:512 [LOG DEBUG] About to return, modelType: clay
objects.js:512 [LOG DEBUG] About to return, modelType: clay
objects.js:512 [LOG DEBUG] About to return, modelType: clay
objects.js:512 [LOG DEBUG] About to return, modelType: clay
objects.js:512 [LOG DEBUG] About to return, modelType: clay
objects.js:512 [LOG DEBUG] About to return, modelType: clay
objects.js:512 [LOG DEBUG] About to return, modelType: clay
game.js:1354 [ObjectRegistry] Populated with 1548 objects from chunkObjects
objects.js:512 [LOG DEBUG] About to return, modelType: limestone
objects.js:512 [LOG DEBUG] About to return, modelType: limestone
objects.js:512 [LOG DEBUG] About to return, modelType: limestone
objects.js:512 [LOG DEBUG] About to return, modelType: limestone
objects.js:512 [LOG DEBUG] About to return, modelType: limestone
objects.js:512 [LOG DEBUG] About to return, modelType: limestone
objects.js:512 [LOG DEBUG] About to return, modelType: limestone
objects.js:512 [LOG DEBUG] About to return, modelType: limestone
objects.js:512 [LOG DEBUG] About to return, modelType: limestone
objects.js:512 [LOG DEBUG] About to return, modelType: limestone
objects.js:512 [LOG DEBUG] About to return, modelType: limestone
objects.js:512 [LOG DEBUG] About to return, modelType: limestone
objects.js:512 [LOG DEBUG] About to return, modelType: limestone
objects.js:512 [LOG DEBUG] About to return, modelType: limestone
objects.js:512 [LOG DEBUG] About to return, modelType: limestone
objects.js:512 [LOG DEBUG] About to return, modelType: limestone
objects.js:512 [LOG DEBUG] About to return, modelType: limestone
objects.js:512 [LOG DEBUG] About to return, modelType: limestone
objects.js:512 [LOG DEBUG] About to return, modelType: limestone
objects.js:512 [LOG DEBUG] About to return, modelType: limestone
objects.js:512 [LOG DEBUG] About to return, modelType: limestone
objects.js:512 [LOG DEBUG] About to return, modelType: limestone
objects.js:512 [LOG DEBUG] About to return, modelType: limestone
objects.js:512 [LOG DEBUG] About to return, modelType: limestone
objects.js:512 [LOG DEBUG] About to return, modelType: limestone
objects.js:512 [LOG DEBUG] About to return, modelType: limestone
objects.js:512 [LOG DEBUG] About to return, modelType: limestone
objects.js:512 [LOG DEBUG] About to return, modelType: limestone
objects.js:512 [LOG DEBUG] About to return, modelType: limestone
objects.js:512 [LOG DEBUG] About to return, modelType: limestone
objects.js:512 [LOG DEBUG] About to return, modelType: limestone
objects.js:512 [LOG DEBUG] About to return, modelType: limestone
objects.js:512 [LOG DEBUG] About to return, modelType: clay
objects.js:512 [LOG DEBUG] About to return, modelType: clay
objects.js:512 [LOG DEBUG] About to return, modelType: clay
objects.js:512 [LOG DEBUG] About to return, modelType: clay
objects.js:512 [LOG DEBUG] About to return, modelType: clay
objects.js:512 [LOG DEBUG] About to return, modelType: clay
objects.js:512 [LOG DEBUG] About to return, modelType: clay
objects.js:512 [LOG DEBUG] About to return, modelType: clay
objects.js:512 [LOG DEBUG] About to return, modelType: clay
objects.js:512 [LOG DEBUG] About to return, modelType: clay
objects.js:512 [LOG DEBUG] About to return, modelType: clay
objects.js:512 [LOG DEBUG] About to return, modelType: clay
objects.js:512 [LOG DEBUG] About to return, modelType: clay
objects.js:512 [LOG DEBUG] About to return, modelType: clay
objects.js:512 [LOG DEBUG] About to return, modelType: clay
objects.js:512 [LOG DEBUG] About to return, modelType: clay
objects.js:512 [LOG DEBUG] About to return, modelType: clay
objects.js:512 [LOG DEBUG] About to return, modelType: clay
objects.js:512 [LOG DEBUG] About to return, modelType: clay
objects.js:512 [LOG DEBUG] About to return, modelType: clay
objects.js:512 [LOG DEBUG] About to return, modelType: clay
objects.js:512 [LOG DEBUG] About to return, modelType: clay
objects.js:512 [LOG DEBUG] About to return, modelType: clay
objects.js:512 [LOG DEBUG] About to return, modelType: limestone
objects.js:512 [LOG DEBUG] About to return, modelType: limestone
objects.js:512 [LOG DEBUG] About to return, modelType: limestone
objects.js:512 [LOG DEBUG] About to return, modelType: limestone
objects.js:512 [LOG DEBUG] About to return, modelType: limestone
objects.js:512 [LOG DEBUG] About to return, modelType: limestone
objects.js:512 [LOG DEBUG] About to return, modelType: limestone
objects.js:512 [LOG DEBUG] About to return, modelType: limestone
objects.js:512 [LOG DEBUG] About to return, modelType: limestone
objects.js:512 [LOG DEBUG] About to return, modelType: limestone
objects.js:512 [LOG DEBUG] About to return, modelType: limestone
objects.js:512 [LOG DEBUG] About to return, modelType: limestone
objects.js:512 [LOG DEBUG] About to return, modelType: limestone
objects.js:512 [LOG DEBUG] About to return, modelType: limestone
objects.js:512 [LOG DEBUG] About to return, modelType: limestone
objects.js:512 [LOG DEBUG] About to return, modelType: limestone
objects.js:512 [LOG DEBUG] About to return, modelType: limestone
objects.js:512 [LOG DEBUG] About to return, modelType: limestone
objects.js:512 [LOG DEBUG] About to return, modelType: limestone
objects.js:512 [LOG DEBUG] About to return, modelType: limestone
objects.js:512 [LOG DEBUG] About to return, modelType: limestone
objects.js:512 [LOG DEBUG] About to return, modelType: limestone
objects.js:512 [LOG DEBUG] About to return, modelType: limestone
objects.js:512 [LOG DEBUG] About to return, modelType: limestone
objects.js:512 [LOG DEBUG] About to return, modelType: limestone
objects.js:512 [LOG DEBUG] About to return, modelType: limestone
objects.js:512 [LOG DEBUG] About to return, modelType: limestone
objects.js:512 [LOG DEBUG] About to return, modelType: limestone
objects.js:512 [LOG DEBUG] About to return, modelType: limestone
objects.js:512 [LOG DEBUG] About to return, modelType: limestone
objects.js:512 [LOG DEBUG] About to return, modelType: limestone
objects.js:512 [LOG DEBUG] About to return, modelType: limestone
objects.js:512 [LOG DEBUG] About to return, modelType: limestone
objects.js:512 [LOG DEBUG] About to return, modelType: sandstone
objects.js:512 [LOG DEBUG] About to return, modelType: sandstone
objects.js:512 [LOG DEBUG] About to return, modelType: sandstone
objects.js:512 [LOG DEBUG] About to return, modelType: sandstone
objects.js:512 [LOG DEBUG] About to return, modelType: sandstone
objects.js:512 [LOG DEBUG] About to return, modelType: sandstone
objects.js:512 [LOG DEBUG] About to return, modelType: sandstone
objects.js:512 [LOG DEBUG] About to return, modelType: sandstone
objects.js:512 [LOG DEBUG] About to return, modelType: sandstone
objects.js:512 [LOG DEBUG] About to return, modelType: sandstone
objects.js:512 [LOG DEBUG] About to return, modelType: clay
objects.js:512 [LOG DEBUG] About to return, modelType: clay
objects.js:512 [LOG DEBUG] About to return, modelType: clay
objects.js:512 [LOG DEBUG] About to return, modelType: clay
objects.js:512 [LOG DEBUG] About to return, modelType: clay
objects.js:512 [LOG DEBUG] About to return, modelType: clay
objects.js:512 [LOG DEBUG] About to return, modelType: clay
objects.js:512 [LOG DEBUG] About to return, modelType: clay
objects.js:512 [LOG DEBUG] About to return, modelType: clay
objects.js:512 [LOG DEBUG] About to return, modelType: clay
objects.js:512 [LOG DEBUG] About to return, modelType: clay
objects.js:512 [LOG DEBUG] About to return, modelType: clay
objects.js:512 [LOG DEBUG] About to return, modelType: clay
objects.js:512 [LOG DEBUG] About to return, modelType: clay
objects.js:512 [LOG DEBUG] About to return, modelType: clay
objects.js:512 [LOG DEBUG] About to return, modelType: clay
objects.js:512 [LOG DEBUG] About to return, modelType: clay
objects.js:512 [LOG DEBUG] About to return, modelType: clay
objects.js:512 [LOG DEBUG] About to return, modelType: clay
objects.js:512 [LOG DEBUG] About to return, modelType: clay
objects.js:512 [LOG DEBUG] About to return, modelType: clay
objects.js:512 [LOG DEBUG] About to return, modelType: clay
objects.js:512 [LOG DEBUG] About to return, modelType: clay
objects.js:512 [LOG DEBUG] About to return, modelType: clay
objects.js:512 [LOG DEBUG] About to return, modelType: clay
objects.js:512 [LOG DEBUG] About to return, modelType: clay
objects.js:512 [LOG DEBUG] About to return, modelType: clay
objects.js:512 [LOG DEBUG] About to return, modelType: limestone
objects.js:512 [LOG DEBUG] About to return, modelType: limestone
objects.js:512 [LOG DEBUG] About to return, modelType: limestone
objects.js:512 [LOG DEBUG] About to return, modelType: limestone
objects.js:512 [LOG DEBUG] About to return, modelType: limestone
objects.js:512 [LOG DEBUG] About to return, modelType: limestone
objects.js:512 [LOG DEBUG] About to return, modelType: limestone
objects.js:512 [LOG DEBUG] About to return, modelType: limestone
objects.js:512 [LOG DEBUG] About to return, modelType: limestone
objects.js:512 [LOG DEBUG] About to return, modelType: limestone
objects.js:512 [LOG DEBUG] About to return, modelType: limestone
objects.js:512 [LOG DEBUG] About to return, modelType: limestone
objects.js:512 [LOG DEBUG] About to return, modelType: limestone
objects.js:512 [LOG DEBUG] About to return, modelType: limestone
objects.js:512 [LOG DEBUG] About to return, modelType: limestone
objects.js:512 [LOG DEBUG] About to return, modelType: limestone
objects.js:512 [LOG DEBUG] About to return, modelType: limestone
objects.js:512 [LOG DEBUG] About to return, modelType: limestone
objects.js:512 [LOG DEBUG] About to return, modelType: limestone
objects.js:512 [LOG DEBUG] About to return, modelType: limestone
objects.js:512 [LOG DEBUG] About to return, modelType: limestone
objects.js:512 [LOG DEBUG] About to return, modelType: limestone
objects.js:512 [LOG DEBUG] About to return, modelType: limestone
objects.js:512 [LOG DEBUG] About to return, modelType: limestone
objects.js:512 [LOG DEBUG] About to return, modelType: limestone
objects.js:512 [LOG DEBUG] About to return, modelType: limestone
objects.js:512 [LOG DEBUG] About to return, modelType: limestone
objects.js:512 [LOG DEBUG] About to return, modelType: limestone
objects.js:512 [LOG DEBUG] About to return, modelType: clay
objects.js:512 [LOG DEBUG] About to return, modelType: clay
objects.js:512 [LOG DEBUG] About to return, modelType: clay
objects.js:512 [LOG DEBUG] About to return, modelType: clay
objects.js:512 [LOG DEBUG] About to return, modelType: clay
objects.js:512 [LOG DEBUG] About to return, modelType: clay
objects.js:512 [LOG DEBUG] About to return, modelType: clay
objects.js:512 [LOG DEBUG] About to return, modelType: clay
objects.js:512 [LOG DEBUG] About to return, modelType: clay
objects.js:512 [LOG DEBUG] About to return, modelType: clay
objects.js:512 [LOG DEBUG] About to return, modelType: clay
objects.js:512 [LOG DEBUG] About to return, modelType: clay
objects.js:512 [LOG DEBUG] About to return, modelType: clay
objects.js:512 [LOG DEBUG] About to return, modelType: clay
objects.js:512 [LOG DEBUG] About to return, modelType: clay
objects.js:512 [LOG DEBUG] About to return, modelType: clay
objects.js:512 [LOG DEBUG] About to return, modelType: clay
objects.js:512 [LOG DEBUG] About to return, modelType: clay
objects.js:512 [LOG DEBUG] About to return, modelType: clay
objects.js:512 [LOG DEBUG] About to return, modelType: limestone
objects.js:512 [LOG DEBUG] About to return, modelType: limestone
objects.js:512 [LOG DEBUG] About to return, modelType: limestone
objects.js:512 [LOG DEBUG] About to return, modelType: limestone
objects.js:512 [LOG DEBUG] About to return, modelType: limestone
objects.js:512 [LOG DEBUG] About to return, modelType: limestone
objects.js:512 [LOG DEBUG] About to return, modelType: limestone
objects.js:512 [LOG DEBUG] About to return, modelType: limestone
objects.js:512 [LOG DEBUG] About to return, modelType: limestone
objects.js:512 [LOG DEBUG] About to return, modelType: limestone
objects.js:512 [LOG DEBUG] About to return, modelType: limestone
objects.js:512 [LOG DEBUG] About to return, modelType: limestone
objects.js:512 [LOG DEBUG] About to return, modelType: limestone
objects.js:512 [LOG DEBUG] About to return, modelType: limestone
objects.js:512 [LOG DEBUG] About to return, modelType: limestone
objects.js:512 [LOG DEBUG] About to return, modelType: limestone
objects.js:512 [LOG DEBUG] About to return, modelType: limestone
objects.js:512 [LOG DEBUG] About to return, modelType: limestone
objects.js:512 [LOG DEBUG] About to return, modelType: limestone
objects.js:512 [LOG DEBUG] About to return, modelType: limestone
objects.js:512 [LOG DEBUG] About to return, modelType: limestone
objects.js:512 [LOG DEBUG] About to return, modelType: limestone
objects.js:512 [LOG DEBUG] About to return, modelType: sandstone
objects.js:512 [LOG DEBUG] About to return, modelType: sandstone
objects.js:512 [LOG DEBUG] About to return, modelType: sandstone
objects.js:512 [LOG DEBUG] About to return, modelType: sandstone
objects.js:512 [LOG DEBUG] About to return, modelType: sandstone
objects.js:512 [LOG DEBUG] About to return, modelType: sandstone
objects.js:512 [LOG DEBUG] About to return, modelType: sandstone
objects.js:512 [LOG DEBUG] About to return, modelType: sandstone
objects.js:512 [LOG DEBUG] About to return, modelType: sandstone
objects.js:512 [LOG DEBUG] About to return, modelType: sandstone
objects.js:512 [LOG DEBUG] About to return, modelType: sandstone
objects.js:512 [LOG DEBUG] About to return, modelType: sandstone
objects.js:512 [LOG DEBUG] About to return, modelType: sandstone
objects.js:512 [LOG DEBUG] About to return, modelType: sandstone
objects.js:512 [LOG DEBUG] About to return, modelType: sandstone
objects.js:512 [LOG DEBUG] About to return, modelType: sandstone
objects.js:512 [LOG DEBUG] About to return, modelType: sandstone
objects.js:512 [LOG DEBUG] About to return, modelType: sandstone
objects.js:512 [LOG DEBUG] About to return, modelType: sandstone
objects.js:512 [LOG DEBUG] About to return, modelType: sandstone
objects.js:512 [LOG DEBUG] About to return, modelType: sandstone
objects.js:512 [LOG DEBUG] About to return, modelType: clay
objects.js:512 [LOG DEBUG] About to return, modelType: clay
objects.js:512 [LOG DEBUG] About to return, modelType: clay
objects.js:512 [LOG DEBUG] About to return, modelType: clay
objects.js:512 [LOG DEBUG] About to return, modelType: clay
objects.js:512 [LOG DEBUG] About to return, modelType: clay
objects.js:512 [LOG DEBUG] About to return, modelType: clay
objects.js:512 [LOG DEBUG] About to return, modelType: clay
objects.js:512 [LOG DEBUG] About to return, modelType: clay
objects.js:512 [LOG DEBUG] About to return, modelType: clay
objects.js:512 [LOG DEBUG] About to return, modelType: clay
objects.js:512 [LOG DEBUG] About to return, modelType: clay
objects.js:512 [LOG DEBUG] About to return, modelType: limestone
objects.js:512 [LOG DEBUG] About to return, modelType: limestone
objects.js:512 [LOG DEBUG] About to return, modelType: limestone
objects.js:512 [LOG DEBUG] About to return, modelType: limestone
objects.js:512 [LOG DEBUG] About to return, modelType: limestone
objects.js:512 [LOG DEBUG] About to return, modelType: limestone
objects.js:512 [LOG DEBUG] About to return, modelType: limestone
objects.js:512 [LOG DEBUG] About to return, modelType: limestone
objects.js:512 [LOG DEBUG] About to return, modelType: limestone
objects.js:512 [LOG DEBUG] About to return, modelType: limestone
objects.js:512 [LOG DEBUG] About to return, modelType: limestone
objects.js:512 [LOG DEBUG] About to return, modelType: limestone
objects.js:512 [LOG DEBUG] About to return, modelType: limestone
objects.js:512 [LOG DEBUG] About to return, modelType: limestone
objects.js:512 [LOG DEBUG] About to return, modelType: limestone
objects.js:512 [LOG DEBUG] About to return, modelType: limestone
objects.js:512 [LOG DEBUG] About to return, modelType: limestone
objects.js:512 [LOG DEBUG] About to return, modelType: limestone
objects.js:512 [LOG DEBUG] About to return, modelType: limestone
objects.js:512 [LOG DEBUG] About to return, modelType: clay
objects.js:512 [LOG DEBUG] About to return, modelType: clay
objects.js:512 [LOG DEBUG] About to return, modelType: clay
objects.js:512 [LOG DEBUG] About to return, modelType: clay
objects.js:512 [LOG DEBUG] About to return, modelType: clay
objects.js:512 [LOG DEBUG] About to return, modelType: clay
objects.js:512 [LOG DEBUG] About to return, modelType: clay
objects.js:512 [LOG DEBUG] About to return, modelType: clay
objects.js:512 [LOG DEBUG] About to return, modelType: clay
objects.js:512 [LOG DEBUG] About to return, modelType: clay
objects.js:512 [LOG DEBUG] About to return, modelType: clay
objects.js:512 [LOG DEBUG] About to return, modelType: clay
objects.js:512 [LOG DEBUG] About to return, modelType: clay
objects.js:512 [LOG DEBUG] About to return, modelType: clay
objects.js:512 [LOG DEBUG] About to return, modelType: clay
objects.js:512 [LOG DEBUG] About to return, modelType: clay
objects.js:512 [LOG DEBUG] About to return, modelType: clay
objects.js:512 [LOG DEBUG] About to return, modelType: clay
objects.js:512 [LOG DEBUG] About to return, modelType: clay
objects.js:512 [LOG DEBUG] About to return, modelType: clay
PlayerController.js:148 🎯 Player arrived at: X=8.93, Y=1.50, Z=13.72
game.js:1354 [ObjectRegistry] Populated with 3576 objects from chunkObjects
objects.js:512 [LOG DEBUG] About to return, modelType: limestone
objects.js:512 [LOG DEBUG] About to return, modelType: limestone
objects.js:512 [LOG DEBUG] About to return, modelType: limestone
objects.js:512 [LOG DEBUG] About to return, modelType: limestone
objects.js:512 [LOG DEBUG] About to return, modelType: limestone
objects.js:512 [LOG DEBUG] About to return, modelType: limestone
objects.js:512 [LOG DEBUG] About to return, modelType: limestone
objects.js:512 [LOG DEBUG] About to return, modelType: limestone
objects.js:512 [LOG DEBUG] About to return, modelType: limestone
objects.js:512 [LOG DEBUG] About to return, modelType: limestone
objects.js:512 [LOG DEBUG] About to return, modelType: limestone
objects.js:512 [LOG DEBUG] About to return, modelType: limestone
objects.js:512 [LOG DEBUG] About to return, modelType: limestone
objects.js:512 [LOG DEBUG] About to return, modelType: limestone
objects.js:512 [LOG DEBUG] About to return, modelType: limestone
objects.js:512 [LOG DEBUG] About to return, modelType: limestone
objects.js:512 [LOG DEBUG] About to return, modelType: limestone
objects.js:512 [LOG DEBUG] About to return, modelType: limestone
objects.js:512 [LOG DEBUG] About to return, modelType: limestone
objects.js:512 [LOG DEBUG] About to return, modelType: limestone
objects.js:512 [LOG DEBUG] About to return, modelType: limestone
objects.js:512 [LOG DEBUG] About to return, modelType: limestone
objects.js:512 [LOG DEBUG] About to return, modelType: limestone
objects.js:512 [LOG DEBUG] About to return, modelType: sandstone
objects.js:512 [LOG DEBUG] About to return, modelType: sandstone
objects.js:512 [LOG DEBUG] About to return, modelType: sandstone
objects.js:512 [LOG DEBUG] About to return, modelType: sandstone
objects.js:512 [LOG DEBUG] About to return, modelType: sandstone
objects.js:512 [LOG DEBUG] About to return, modelType: sandstone
objects.js:512 [LOG DEBUG] About to return, modelType: sandstone
objects.js:512 [LOG DEBUG] About to return, modelType: sandstone
objects.js:512 [LOG DEBUG] About to return, modelType: sandstone
objects.js:512 [LOG DEBUG] About to return, modelType: sandstone
objects.js:512 [LOG DEBUG] About to return, modelType: sandstone
objects.js:512 [LOG DEBUG] About to return, modelType: clay
objects.js:512 [LOG DEBUG] About to return, modelType: clay
objects.js:512 [LOG DEBUG] About to return, modelType: clay
objects.js:512 [LOG DEBUG] About to return, modelType: clay
objects.js:512 [LOG DEBUG] About to return, modelType: clay
objects.js:512 [LOG DEBUG] About to return, modelType: clay
objects.js:512 [LOG DEBUG] About to return, modelType: clay
objects.js:512 [LOG DEBUG] About to return, modelType: clay
objects.js:512 [LOG DEBUG] About to return, modelType: clay
objects.js:512 [LOG DEBUG] About to return, modelType: clay
objects.js:512 [LOG DEBUG] About to return, modelType: clay
objects.js:512 [LOG DEBUG] About to return, modelType: clay
objects.js:512 [LOG DEBUG] About to return, modelType: clay
objects.js:512 [LOG DEBUG] About to return, modelType: clay
objects.js:512 [LOG DEBUG] About to return, modelType: clay
objects.js:512 [LOG DEBUG] About to return, modelType: clay
objects.js:512 [LOG DEBUG] About to return, modelType: clay
objects.js:512 [LOG DEBUG] About to return, modelType: clay
objects.js:512 [LOG DEBUG] About to return, modelType: clay
objects.js:512 [LOG DEBUG] About to return, modelType: clay
objects.js:512 [LOG DEBUG] About to return, modelType: clay
objects.js:512 [LOG DEBUG] About to return, modelType: limestone
objects.js:512 [LOG DEBUG] About to return, modelType: limestone
objects.js:512 [LOG DEBUG] About to return, modelType: limestone
objects.js:512 [LOG DEBUG] About to return, modelType: limestone
objects.js:512 [LOG DEBUG] About to return, modelType: limestone
objects.js:512 [LOG DEBUG] About to return, modelType: limestone
objects.js:512 [LOG DEBUG] About to return, modelType: limestone
objects.js:512 [LOG DEBUG] About to return, modelType: limestone
objects.js:512 [LOG DEBUG] About to return, modelType: limestone
objects.js:512 [LOG DEBUG] About to return, modelType: limestone
objects.js:512 [LOG DEBUG] About to return, modelType: limestone
objects.js:512 [LOG DEBUG] About to return, modelType: limestone
objects.js:512 [LOG DEBUG] About to return, modelType: limestone
objects.js:512 [LOG DEBUG] About to return, modelType: limestone
objects.js:512 [LOG DEBUG] About to return, modelType: limestone
objects.js:512 [LOG DEBUG] About to return, modelType: limestone
objects.js:512 [LOG DEBUG] About to return, modelType: limestone
objects.js:512 [LOG DEBUG] About to return, modelType: limestone
objects.js:512 [LOG DEBUG] About to return, modelType: clay
objects.js:512 [LOG DEBUG] About to return, modelType: clay
objects.js:512 [LOG DEBUG] About to return, modelType: clay
objects.js:512 [LOG DEBUG] About to return, modelType: clay
objects.js:512 [LOG DEBUG] About to return, modelType: clay
objects.js:512 [LOG DEBUG] About to return, modelType: clay
objects.js:512 [LOG DEBUG] About to return, modelType: clay
objects.js:512 [LOG DEBUG] About to return, modelType: clay
objects.js:512 [LOG DEBUG] About to return, modelType: clay
objects.js:512 [LOG DEBUG] About to return, modelType: clay
objects.js:512 [LOG DEBUG] About to return, modelType: clay
objects.js:512 [LOG DEBUG] About to return, modelType: clay
objects.js:512 [LOG DEBUG] About to return, modelType: clay
objects.js:512 [LOG DEBUG] About to return, modelType: clay
objects.js:512 [LOG DEBUG] About to return, modelType: clay
objects.js:512 [LOG DEBUG] About to return, modelType: clay
objects.js:512 [LOG DEBUG] About to return, modelType: clay
objects.js:512 [LOG DEBUG] About to return, modelType: clay
objects.js:512 [LOG DEBUG] About to return, modelType: limestone
objects.js:512 [LOG DEBUG] About to return, modelType: limestone
objects.js:512 [LOG DEBUG] About to return, modelType: limestone
objects.js:512 [LOG DEBUG] About to return, modelType: limestone
objects.js:512 [LOG DEBUG] About to return, modelType: limestone
objects.js:512 [LOG DEBUG] About to return, modelType: limestone
objects.js:512 [LOG DEBUG] About to return, modelType: limestone
objects.js:512 [LOG DEBUG] About to return, modelType: limestone
objects.js:512 [LOG DEBUG] About to return, modelType: limestone
objects.js:512 [LOG DEBUG] About to return, modelType: limestone
objects.js:512 [LOG DEBUG] About to return, modelType: limestone
objects.js:512 [LOG DEBUG] About to return, modelType: limestone
objects.js:512 [LOG DEBUG] About to return, modelType: limestone
objects.js:512 [LOG DEBUG] About to return, modelType: limestone
objects.js:512 [LOG DEBUG] About to return, modelType: limestone
objects.js:512 [LOG DEBUG] About to return, modelType: limestone
objects.js:512 [LOG DEBUG] About to return, modelType: limestone
objects.js:512 [LOG DEBUG] About to return, modelType: limestone
objects.js:512 [LOG DEBUG] About to return, modelType: limestone
objects.js:512 [LOG DEBUG] About to return, modelType: limestone
objects.js:512 [LOG DEBUG] About to return, modelType: limestone
objects.js:512 [LOG DEBUG] About to return, modelType: limestone
objects.js:512 [LOG DEBUG] About to return, modelType: limestone
objects.js:512 [LOG DEBUG] About to return, modelType: limestone
objects.js:512 [LOG DEBUG] About to return, modelType: limestone
objects.js:512 [LOG DEBUG] About to return, modelType: limestone
objects.js:512 [LOG DEBUG] About to return, modelType: limestone
objects.js:512 [LOG DEBUG] About to return, modelType: limestone
objects.js:512 [LOG DEBUG] About to return, modelType: limestone
objects.js:512 [LOG DEBUG] About to return, modelType: sandstone
objects.js:512 [LOG DEBUG] About to return, modelType: sandstone
objects.js:512 [LOG DEBUG] About to return, modelType: sandstone
objects.js:512 [LOG DEBUG] About to return, modelType: sandstone
objects.js:512 [LOG DEBUG] About to return, modelType: sandstone
objects.js:512 [LOG DEBUG] About to return, modelType: sandstone
objects.js:512 [LOG DEBUG] About to return, modelType: sandstone
objects.js:512 [LOG DEBUG] About to return, modelType: sandstone
objects.js:512 [LOG DEBUG] About to return, modelType: sandstone
objects.js:512 [LOG DEBUG] About to return, modelType: sandstone
objects.js:512 [LOG DEBUG] About to return, modelType: sandstone
objects.js:512 [LOG DEBUG] About to return, modelType: sandstone
objects.js:512 [LOG DEBUG] About to return, modelType: sandstone
objects.js:512 [LOG DEBUG] About to return, modelType: sandstone
objects.js:512 [LOG DEBUG] About to return, modelType: sandstone
objects.js:512 [LOG DEBUG] About to return, modelType: sandstone
objects.js:512 [LOG DEBUG] About to return, modelType: sandstone
objects.js:512 [LOG DEBUG] About to return, modelType: sandstone
objects.js:512 [LOG DEBUG] About to return, modelType: sandstone
objects.js:512 [LOG DEBUG] About to return, modelType: sandstone
objects.js:512 [LOG DEBUG] About to return, modelType: sandstone
objects.js:512 [LOG DEBUG] About to return, modelType: sandstone
objects.js:512 [LOG DEBUG] About to return, modelType: sandstone
objects.js:512 [LOG DEBUG] About to return, modelType: sandstone
objects.js:512 [LOG DEBUG] About to return, modelType: sandstone
objects.js:512 [LOG DEBUG] About to return, modelType: sandstone
objects.js:512 [LOG DEBUG] About to return, modelType: sandstone
objects.js:512 [LOG DEBUG] About to return, modelType: sandstone
objects.js:512 [LOG DEBUG] About to return, modelType: sandstone
objects.js:512 [LOG DEBUG] About to return, modelType: sandstone
objects.js:512 [LOG DEBUG] About to return, modelType: sandstone
objects.js:512 [LOG DEBUG] About to return, modelType: sandstone
objects.js:512 [LOG DEBUG] About to return, modelType: sandstone
objects.js:512 [LOG DEBUG] About to return, modelType: sandstone
objects.js:512 [LOG DEBUG] About to return, modelType: sandstone
objects.js:512 [LOG DEBUG] About to return, modelType: sandstone
objects.js:512 [LOG DEBUG] About to return, modelType: sandstone
objects.js:512 [LOG DEBUG] About to return, modelType: sandstone
objects.js:512 [LOG DEBUG] About to return, modelType: sandstone
objects.js:512 [LOG DEBUG] About to return, modelType: sandstone
objects.js:512 [LOG DEBUG] About to return, modelType: sandstone
objects.js:512 [LOG DEBUG] About to return, modelType: sandstone
objects.js:512 [LOG DEBUG] About to return, modelType: sandstone
objects.js:512 [LOG DEBUG] About to return, modelType: sandstone
objects.js:512 [LOG DEBUG] About to return, modelType: sandstone
objects.js:512 [LOG DEBUG] About to return, modelType: sandstone
objects.js:512 [LOG DEBUG] About to return, modelType: clay
objects.js:512 [LOG DEBUG] About to return, modelType: clay
objects.js:512 [LOG DEBUG] About to return, modelType: clay
objects.js:512 [LOG DEBUG] About to return, modelType: clay
objects.js:512 [LOG DEBUG] About to return, modelType: clay
objects.js:512 [LOG DEBUG] About to return, modelType: clay
objects.js:512 [LOG DEBUG] About to return, modelType: clay
objects.js:512 [LOG DEBUG] About to return, modelType: clay
objects.js:512 [LOG DEBUG] About to return, modelType: clay
objects.js:512 [LOG DEBUG] About to return, modelType: clay
objects.js:512 [LOG DEBUG] About to return, modelType: clay
objects.js:512 [LOG DEBUG] About to return, modelType: clay
objects.js:512 [LOG DEBUG] About to return, modelType: clay
objects.js:512 [LOG DEBUG] About to return, modelType: clay
objects.js:512 [LOG DEBUG] About to return, modelType: clay
objects.js:512 [LOG DEBUG] About to return, modelType: limestone
objects.js:512 [LOG DEBUG] About to return, modelType: limestone
objects.js:512 [LOG DEBUG] About to return, modelType: limestone
objects.js:512 [LOG DEBUG] About to return, modelType: limestone
objects.js:512 [LOG DEBUG] About to return, modelType: limestone
objects.js:512 [LOG DEBUG] About to return, modelType: limestone
objects.js:512 [LOG DEBUG] About to return, modelType: limestone
objects.js:512 [LOG DEBUG] About to return, modelType: limestone
objects.js:512 [LOG DEBUG] About to return, modelType: limestone
objects.js:512 [LOG DEBUG] About to return, modelType: limestone
objects.js:512 [LOG DEBUG] About to return, modelType: limestone
objects.js:512 [LOG DEBUG] About to return, modelType: limestone
objects.js:512 [LOG DEBUG] About to return, modelType: limestone
objects.js:512 [LOG DEBUG] About to return, modelType: limestone
objects.js:512 [LOG DEBUG] About to return, modelType: limestone
objects.js:512 [LOG DEBUG] About to return, modelType: limestone
objects.js:512 [LOG DEBUG] About to return, modelType: limestone
objects.js:512 [LOG DEBUG] About to return, modelType: limestone
objects.js:512 [LOG DEBUG] About to return, modelType: limestone
objects.js:512 [LOG DEBUG] About to return, modelType: limestone
objects.js:512 [LOG DEBUG] About to return, modelType: limestone
objects.js:512 [LOG DEBUG] About to return, modelType: limestone
objects.js:512 [LOG DEBUG] About to return, modelType: limestone
objects.js:512 [LOG DEBUG] About to return, modelType: limestone
objects.js:512 [LOG DEBUG] About to return, modelType: limestone
objects.js:512 [LOG DEBUG] About to return, modelType: limestone
objects.js:512 [LOG DEBUG] About to return, modelType: limestone
objects.js:512 [LOG DEBUG] About to return, modelType: limestone
objects.js:512 [LOG DEBUG] About to return, modelType: limestone
objects.js:512 [LOG DEBUG] About to return, modelType: limestone
objects.js:512 [LOG DEBUG] About to return, modelType: limestone
objects.js:512 [LOG DEBUG] About to return, modelType: limestone
objects.js:512 [LOG DEBUG] About to return, modelType: limestone
objects.js:512 [LOG DEBUG] About to return, modelType: limestone
objects.js:512 [LOG DEBUG] About to return, modelType: limestone
objects.js:512 [LOG DEBUG] About to return, modelType: limestone
objects.js:512 [LOG DEBUG] About to return, modelType: limestone
objects.js:512 [LOG DEBUG] About to return, modelType: limestone
objects.js:512 [LOG DEBUG] About to return, modelType: sandstone
objects.js:512 [LOG DEBUG] About to return, modelType: sandstone
objects.js:512 [LOG DEBUG] About to return, modelType: sandstone
objects.js:512 [LOG DEBUG] About to return, modelType: sandstone
objects.js:512 [LOG DEBUG] About to return, modelType: sandstone
objects.js:512 [LOG DEBUG] About to return, modelType: clay
objects.js:512 [LOG DEBUG] About to return, modelType: clay
objects.js:512 [LOG DEBUG] About to return, modelType: clay
objects.js:512 [LOG DEBUG] About to return, modelType: clay
objects.js:512 [LOG DEBUG] About to return, modelType: clay
objects.js:512 [LOG DEBUG] About to return, modelType: clay
objects.js:512 [LOG DEBUG] About to return, modelType: clay
objects.js:512 [LOG DEBUG] About to return, modelType: clay
objects.js:512 [LOG DEBUG] About to return, modelType: clay
objects.js:512 [LOG DEBUG] About to return, modelType: clay
objects.js:512 [LOG DEBUG] About to return, modelType: clay
objects.js:512 [LOG DEBUG] About to return, modelType: clay
objects.js:512 [LOG DEBUG] About to return, modelType: clay
objects.js:512 [LOG DEBUG] About to return, modelType: clay
objects.js:512 [LOG DEBUG] About to return, modelType: clay
objects.js:512 [LOG DEBUG] About to return, modelType: clay
objects.js:512 [LOG DEBUG] About to return, modelType: clay
objects.js:512 [LOG DEBUG] About to return, modelType: clay
objects.js:512 [LOG DEBUG] About to return, modelType: clay
objects.js:512 [LOG DEBUG] About to return, modelType: clay
game.js:1354 [ObjectRegistry] Populated with 5228 objects from chunkObjects
objects.js:512 [LOG DEBUG] About to return, modelType: limestone
objects.js:512 [LOG DEBUG] About to return, modelType: limestone
objects.js:512 [LOG DEBUG] About to return, modelType: limestone
objects.js:512 [LOG DEBUG] About to return, modelType: limestone
objects.js:512 [LOG DEBUG] About to return, modelType: limestone
objects.js:512 [LOG DEBUG] About to return, modelType: limestone
objects.js:512 [LOG DEBUG] About to return, modelType: limestone
objects.js:512 [LOG DEBUG] About to return, modelType: limestone
objects.js:512 [LOG DEBUG] About to return, modelType: limestone
objects.js:512 [LOG DEBUG] About to return, modelType: limestone
objects.js:512 [LOG DEBUG] About to return, modelType: limestone
objects.js:512 [LOG DEBUG] About to return, modelType: limestone
objects.js:512 [LOG DEBUG] About to return, modelType: limestone
objects.js:512 [LOG DEBUG] About to return, modelType: limestone
objects.js:512 [LOG DEBUG] About to return, modelType: limestone
objects.js:512 [LOG DEBUG] About to return, modelType: limestone
objects.js:512 [LOG DEBUG] About to return, modelType: limestone
objects.js:512 [LOG DEBUG] About to return, modelType: limestone
objects.js:512 [LOG DEBUG] About to return, modelType: limestone
objects.js:512 [LOG DEBUG] About to return, modelType: limestone
objects.js:512 [LOG DEBUG] About to return, modelType: sandstone
objects.js:512 [LOG DEBUG] About to return, modelType: sandstone
objects.js:512 [LOG DEBUG] About to return, modelType: sandstone
objects.js:512 [LOG DEBUG] About to return, modelType: sandstone
objects.js:512 [LOG DEBUG] About to return, modelType: sandstone
objects.js:512 [LOG DEBUG] About to return, modelType: sandstone
objects.js:512 [LOG DEBUG] About to return, modelType: sandstone
objects.js:512 [LOG DEBUG] About to return, modelType: sandstone
objects.js:512 [LOG DEBUG] About to return, modelType: sandstone
objects.js:512 [LOG DEBUG] About to return, modelType: sandstone
objects.js:512 [LOG DEBUG] About to return, modelType: sandstone
objects.js:512 [LOG DEBUG] About to return, modelType: sandstone
objects.js:512 [LOG DEBUG] About to return, modelType: sandstone
objects.js:512 [LOG DEBUG] About to return, modelType: sandstone
objects.js:512 [LOG DEBUG] About to return, modelType: sandstone
objects.js:512 [LOG DEBUG] About to return, modelType: sandstone
objects.js:512 [LOG DEBUG] About to return, modelType: sandstone
objects.js:512 [LOG DEBUG] About to return, modelType: sandstone
objects.js:512 [LOG DEBUG] About to return, modelType: sandstone
objects.js:512 [LOG DEBUG] About to return, modelType: sandstone
objects.js:512 [LOG DEBUG] About to return, modelType: sandstone
objects.js:512 [LOG DEBUG] About to return, modelType: sandstone
objects.js:512 [LOG DEBUG] About to return, modelType: sandstone
objects.js:512 [LOG DEBUG] About to return, modelType: sandstone
objects.js:512 [LOG DEBUG] About to return, modelType: sandstone
objects.js:512 [LOG DEBUG] About to return, modelType: sandstone
objects.js:512 [LOG DEBUG] About to return, modelType: sandstone
objects.js:512 [LOG DEBUG] About to return, modelType: sandstone
objects.js:512 [LOG DEBUG] About to return, modelType: sandstone
objects.js:512 [LOG DEBUG] About to return, modelType: sandstone
objects.js:512 [LOG DEBUG] About to return, modelType: sandstone
objects.js:512 [LOG DEBUG] About to return, modelType: sandstone
objects.js:512 [LOG DEBUG] About to return, modelType: sandstone
objects.js:512 [LOG DEBUG] About to return, modelType: sandstone
objects.js:512 [LOG DEBUG] About to return, modelType: sandstone
objects.js:512 [LOG DEBUG] About to return, modelType: sandstone
objects.js:512 [LOG DEBUG] About to return, modelType: sandstone
objects.js:512 [LOG DEBUG] About to return, modelType: sandstone
objects.js:512 [LOG DEBUG] About to return, modelType: sandstone
objects.js:512 [LOG DEBUG] About to return, modelType: sandstone
objects.js:512 [LOG DEBUG] About to return, modelType: sandstone
objects.js:512 [LOG DEBUG] About to return, modelType: sandstone
objects.js:512 [LOG DEBUG] About to return, modelType: sandstone
objects.js:512 [LOG DEBUG] About to return, modelType: sandstone
objects.js:512 [LOG DEBUG] About to return, modelType: clay
objects.js:512 [LOG DEBUG] About to return, modelType: clay
objects.js:512 [LOG DEBUG] About to return, modelType: clay
objects.js:512 [LOG DEBUG] About to return, modelType: clay
objects.js:512 [LOG DEBUG] About to return, modelType: clay
objects.js:512 [LOG DEBUG] About to return, modelType: clay
objects.js:512 [LOG DEBUG] About to return, modelType: clay
objects.js:512 [LOG DEBUG] About to return, modelType: clay
objects.js:512 [LOG DEBUG] About to return, modelType: clay
objects.js:512 [LOG DEBUG] About to return, modelType: clay
objects.js:512 [LOG DEBUG] About to return, modelType: clay
objects.js:512 [LOG DEBUG] About to return, modelType: clay
objects.js:512 [LOG DEBUG] About to return, modelType: clay
objects.js:512 [LOG DEBUG] About to return, modelType: clay
objects.js:512 [LOG DEBUG] About to return, modelType: clay
objects.js:512 [LOG DEBUG] About to return, modelType: clay
objects.js:512 [LOG DEBUG] About to return, modelType: limestone
objects.js:512 [LOG DEBUG] About to return, modelType: limestone
objects.js:512 [LOG DEBUG] About to return, modelType: limestone
objects.js:512 [LOG DEBUG] About to return, modelType: limestone
objects.js:512 [LOG DEBUG] About to return, modelType: limestone
objects.js:512 [LOG DEBUG] About to return, modelType: limestone
objects.js:512 [LOG DEBUG] About to return, modelType: limestone
objects.js:512 [LOG DEBUG] About to return, modelType: limestone
objects.js:512 [LOG DEBUG] About to return, modelType: limestone
objects.js:512 [LOG DEBUG] About to return, modelType: limestone
objects.js:512 [LOG DEBUG] About to return, modelType: limestone
objects.js:512 [LOG DEBUG] About to return, modelType: limestone
objects.js:512 [LOG DEBUG] About to return, modelType: limestone
objects.js:512 [LOG DEBUG] About to return, modelType: limestone
objects.js:512 [LOG DEBUG] About to return, modelType: limestone
objects.js:512 [LOG DEBUG] About to return, modelType: limestone
objects.js:512 [LOG DEBUG] About to return, modelType: limestone
objects.js:512 [LOG DEBUG] About to return, modelType: limestone
objects.js:512 [LOG DEBUG] About to return, modelType: limestone
objects.js:512 [LOG DEBUG] About to return, modelType: limestone
objects.js:512 [LOG DEBUG] About to return, modelType: limestone
objects.js:512 [LOG DEBUG] About to return, modelType: limestone
objects.js:512 [LOG DEBUG] About to return, modelType: limestone
objects.js:512 [LOG DEBUG] About to return, modelType: limestone
objects.js:512 [LOG DEBUG] About to return, modelType: limestone
objects.js:512 [LOG DEBUG] About to return, modelType: limestone
objects.js:512 [LOG DEBUG] About to return, modelType: sandstone
objects.js:512 [LOG DEBUG] About to return, modelType: sandstone
objects.js:512 [LOG DEBUG] About to return, modelType: sandstone
objects.js:512 [LOG DEBUG] About to return, modelType: sandstone
objects.js:512 [LOG DEBUG] About to return, modelType: sandstone
objects.js:512 [LOG DEBUG] About to return, modelType: sandstone
objects.js:512 [LOG DEBUG] About to return, modelType: sandstone
objects.js:512 [LOG DEBUG] About to return, modelType: sandstone
objects.js:512 [LOG DEBUG] About to return, modelType: sandstone
objects.js:512 [LOG DEBUG] About to return, modelType: sandstone
objects.js:512 [LOG DEBUG] About to return, modelType: sandstone
objects.js:512 [LOG DEBUG] About to return, modelType: sandstone
objects.js:512 [LOG DEBUG] About to return, modelType: sandstone
objects.js:512 [LOG DEBUG] About to return, modelType: sandstone
objects.js:512 [LOG DEBUG] About to return, modelType: clay
objects.js:512 [LOG DEBUG] About to return, modelType: clay
objects.js:512 [LOG DEBUG] About to return, modelType: clay
objects.js:512 [LOG DEBUG] About to return, modelType: clay
objects.js:512 [LOG DEBUG] About to return, modelType: clay
objects.js:512 [LOG DEBUG] About to return, modelType: clay
objects.js:512 [LOG DEBUG] About to return, modelType: clay
objects.js:512 [LOG DEBUG] About to return, modelType: clay
objects.js:512 [LOG DEBUG] About to return, modelType: clay
objects.js:512 [LOG DEBUG] About to return, modelType: clay
objects.js:512 [LOG DEBUG] About to return, modelType: clay
objects.js:512 [LOG DEBUG] About to return, modelType: clay
objects.js:512 [LOG DEBUG] About to return, modelType: clay
objects.js:512 [LOG DEBUG] About to return, modelType: clay
objects.js:512 [LOG DEBUG] About to return, modelType: clay
objects.js:512 [LOG DEBUG] About to return, modelType: clay
objects.js:512 [LOG DEBUG] About to return, modelType: clay
objects.js:512 [LOG DEBUG] About to return, modelType: clay
objects.js:512 [LOG DEBUG] About to return, modelType: clay
objects.js:512 [LOG DEBUG] About to return, modelType: clay
objects.js:512 [LOG DEBUG] About to return, modelType: clay
game.js:1354 [ObjectRegistry] Populated with 5965 objects from chunkObjects
game.js:1354 [ObjectRegistry] Populated with 5965 objects from chunkObjects
game.js:1096 [completeActiveAction] Sending remove_object_request for: 0,0_fir_126 chunkKey: 0,0
ChunkManager.js:241 [ChunkManager] removeObject called for 0,0_fir_126, found: true chunkKey: 0,0
ChunkManager.js:242 [ChunkManager] object position: Vector3 {x: 9.315570339094847, y: 1.5128674859476998, z: 13.285968219861388} objectId breakdown: 0,0_fir_126
ChunkManager.js:245 [ChunkManager] Adding 0,0_fir_126 to removedObjectsCache for chunkKey: 0,0
ChunkManager.js:316 [Nav] Removed cylindrical obstacle fir at (9.3, 13.3)
MessageRouter.js:617 [LOG DEBUG] handleObjectAdded received: {objectId: 'fir_log_1763476157081_4bssoqb82', objectType: 'fir_log', position: Array(3), quality: 27, scale: {…}}
MessageRouter.js:344 [LOG DEBUG] createObjectInScene calling createInstance: {objectType: 'fir_log', objectPosition: Vector3, scale: {…}}
objects.js:450 [LOG DEBUG] createInstance: {modelType: 'fir_log', modelLoaded: true, position: Vector3, scale: {…}}
objects.js:512 [LOG DEBUG] About to return, modelType: fir_log
objects.js:518 [LOG DEBUG] Returning instance: {type: 'Group', visible: true, hasChildren: true, childCount: 1, meshCount: 1, …}
MessageRouter.js:394 [LOG DEBUG] Added to scene: {objectId: 'fir_log_1763476157081_4bssoqb82', type: 'Group', hasChildren: true, childCount: 1, visible: true, …}
game.js:1354 [ObjectRegistry] Populated with 5965 objects from chunkObjects
